<?xml version="1.0" encoding="UTF-8"?>
<testng-results ignored="0" total="2" passed="1" failed="1" skipped="0">
  <reporter-output>
  </reporter-output>
  <suite started-at="2025-02-08T18:55:07 IST" name="AutomationSuite" finished-at="2025-02-08T18:55:19 IST" duration-ms="12033">
    <groups>
    </groups>
    <test started-at="2025-02-08T18:55:07 IST" name="AutomationTests" finished-at="2025-02-08T18:55:19 IST" duration-ms="12033">
      <class name="com.keywordframework.tests.TestExecutor2">
        <test-method is-config="true" signature="setUp()[pri:0, instance:com.keywordframework.tests.TestExecutor2@15a902e7]" started-at="2025-02-08T18:55:13 IST" name="setUp" finished-at="2025-02-08T18:55:14 IST" duration-ms="1265" status="PASS">
          <reporter-output>
          </reporter-output>
        </test-method> <!-- setUp -->
        <test-method signature="LoginTest()[pri:0, instance:com.keywordframework.tests.TestExecutor2@15a902e7]" started-at="2025-02-08T18:55:14 IST" name="LoginTest" finished-at="2025-02-08T18:55:19 IST" duration-ms="4407" status="FAIL">
          <exception class="java.lang.AssertionError">
            <message>
              <![CDATA[Text verification failed!]]>
            </message>
            <full-stacktrace>
              <![CDATA[java.lang.AssertionError: Text verification failed!
at com.keywordframework.keywords.WebKeywords.verifyText(WebKeywords.java:42)
at com.keywordframework.tests.TestExecutor2.LoginTest(TestExecutor2.java:45)
at java.base/jdk.internal.reflect.DirectMethodHandleAccessor.invoke(DirectMethodHandleAccessor.java:103)
at java.base/java.lang.reflect.Method.invoke(Method.java:580)
at org.testng.internal.invokers.MethodInvocationHelper.invokeMethod(MethodInvocationHelper.java:141)
at org.testng.internal.invokers.TestInvoker.invokeMethod(TestInvoker.java:686)
at org.testng.internal.invokers.TestInvoker.invokeTestMethod(TestInvoker.java:230)
at org.testng.internal.invokers.MethodRunner.runInSequence(MethodRunner.java:63)
at org.testng.internal.invokers.TestInvoker$MethodInvocationAgent.invoke(TestInvoker.java:992)
at org.testng.internal.invokers.TestInvoker.invokeTestMethods(TestInvoker.java:203)
at org.testng.internal.invokers.TestMethodWorker.invokeTestMethods(TestMethodWorker.java:154)
at org.testng.internal.invokers.TestMethodWorker.run(TestMethodWorker.java:134)
at java.base/java.util.ArrayList.forEach(ArrayList.java:1596)
at org.testng.TestRunner.privateRun(TestRunner.java:739)
at org.testng.TestRunner.run(TestRunner.java:614)
at org.testng.SuiteRunner.runTest(SuiteRunner.java:421)
at org.testng.SuiteRunner.runSequentially(SuiteRunner.java:413)
at org.testng.SuiteRunner.privateRun(SuiteRunner.java:373)
at org.testng.SuiteRunner.run(SuiteRunner.java:312)
at org.testng.SuiteRunnerWorker.runSuite(SuiteRunnerWorker.java:52)
at org.testng.SuiteRunnerWorker.run(SuiteRunnerWorker.java:95)
at org.testng.TestNG.runSuitesSequentially(TestNG.java:1274)
at org.testng.TestNG.runSuitesLocally(TestNG.java:1208)
at org.testng.TestNG.runSuites(TestNG.java:1112)
at org.testng.TestNG.run(TestNG.java:1079)
at org.testng.remote.AbstractRemoteTestNG.run(AbstractRemoteTestNG.java:115)
at org.testng.remote.RemoteTestNG.initAndRun(RemoteTestNG.java:293)
at org.testng.remote.RemoteTestNG.main(RemoteTestNG.java:91)
]]>
            </full-stacktrace>
          </exception> <!-- java.lang.AssertionError -->
          <reporter-output>
          </reporter-output>
        </test-method> <!-- LoginTest -->
        <test-method is-config="true" signature="tearDown()[pri:0, instance:com.keywordframework.tests.TestExecutor2@15a902e7]" started-at="2025-02-08T18:55:19 IST" name="tearDown" finished-at="2025-02-08T18:55:19 IST" duration-ms="163" status="PASS">
          <reporter-output>
          </reporter-output>
        </test-method> <!-- tearDown -->
      </class> <!-- com.keywordframework.tests.TestExecutor2 -->
      <class name="com.keywordframework.tests.TestExecutor">
        <test-method is-config="true" signature="setUp()[pri:0, instance:com.keywordframework.tests.TestExecutor@314b8f2d]" started-at="2025-02-08T18:55:07 IST" name="setUp" finished-at="2025-02-08T18:55:08 IST" duration-ms="1166" status="PASS">
          <reporter-output>
          </reporter-output>
        </test-method> <!-- setUp -->
        <test-method signature="LoginTest()[pri:0, instance:com.keywordframework.tests.TestExecutor@314b8f2d]" started-at="2025-02-08T18:55:08 IST" name="LoginTest" finished-at="2025-02-08T18:55:13 IST" duration-ms="5002" status="PASS">
          <reporter-output>
          </reporter-output>
        </test-method> <!-- LoginTest -->
        <test-method is-config="true" signature="tearDown()[pri:0, instance:com.keywordframework.tests.TestExecutor@314b8f2d]" started-at="2025-02-08T18:55:13 IST" name="tearDown" finished-at="2025-02-08T18:55:13 IST" duration-ms="1" status="PASS">
          <reporter-output>
          </reporter-output>
        </test-method> <!-- tearDown -->
      </class> <!-- com.keywordframework.tests.TestExecutor -->
    </test> <!-- AutomationTests -->
  </suite> <!-- AutomationSuite -->
</testng-results>
