<?xml version="1.0" encoding="UTF-8"?>
<!-- Generated by org.testng.reporters.JUnitXMLReporter -->
<testsuite ignored="0" hostname="Laptopotamus" failures="1" tests="3" name="AutomationTests" time="14.666" errors="0" timestamp="2025-02-10T18:00:36 IST">
  <testcase classname="com.keywordframework.tests.TestExecutor" name="TestExecutorEngine" time="0.413">
    <failure type="java.lang.NoSuchMethodException" message="com.keywordframework.keywords.WebKeywords.TC_001(java.lang.String)">
      <![CDATA[java.lang.NoSuchMethodException: com.keywordframework.keywords.WebKeywords.TC_001(java.lang.String)
at java.base/java.lang.Class.getMethod(Class.java:2395)
at com.keywordframework.tests.TestExecutor.TestExecutorEngine(TestExecutor.java:51)
at java.base/java.util.ArrayList.forEach(ArrayList.java:1596)
... Removed 25 stack frames]]>
    </failure>
  </testcase> <!-- TestExecutorEngine -->
  <testcase classname="com.keywordframework.tests.TestrunEngine" name="executeTest" time="7.472"/>
  <testcase classname="com.keywordframework.tests.TestrunEngine" name="executeTest" time="6.709"/>
</testsuite> <!-- AutomationTests -->
